<?xml version="1.0" encoding="UTF-8"?>
<!-- Generated by org.testng.reporters.JUnitXMLReporter -->
<testsuite ignored="0" hostname="DESKTOP-IEB5SOO" failures="0" tests="9" name="Default test" time="15.221" errors="0" timestamp="2024-08-20T13:53:57 PDT">
  <testcase classname="homePage.MyTestCases" name="CheckTheDefaultLangugeIsEnglish" time="0.053"/>
  <testcase classname="homePage.MyTestCases" name="CheckdefaultCurrency" time="0.067"/>
  <testcase classname="homePage.MyTestCases" name="CheckContactNumber" time="0.096"/>
  <testcase classname="homePage.MyTestCases" name="CheckQitagLogo" time="0.088"/>
  <testcase classname="homePage.MyTestCases" name="TestHotelTabIsNotSelected" time="0.038"/>
  <testcase classname="homePage.MyTestCases" name="CheckDepatureDate" time="0.239"/>
  <testcase classname="homePage.MyTestCases" name="RandomlyChangeTheLanguage" time="1.536"/>
  <testcase classname="homePage.MyTestCases" name="fillHotelTab" time="1.394"/>
  <testcase classname="homePage.MyTestCases" name="RandomlySelectTheNumberOfVistor" time="6.494"/>
</testsuite> <!-- Default test -->
