<?xml version="1.0" encoding="UTF-8"?>
<!-- Generated by org.testng.reporters.JUnitXMLReporter -->
<testsuite ignored="0" hostname="DESKTOP-IEB5SOO" failures="0" tests="4" name="Default test" time="4.654" errors="0" timestamp="2024-08-18T02:18:48 PDT">
  <testcase classname="homePage.MyTestCases" name="CheckTheDefaultLangugeIsEnglish" time="0.113"/>
  <testcase classname="homePage.MyTestCases" name="CheckdefaultCurrency" time="0.044"/>
  <testcase classname="homePage.MyTestCases" name="CheckContactNumber" time="0.032"/>
  <testcase classname="homePage.MyTestCases" name="CheckQitagLogo" time="0.075"/>
</testsuite> <!-- Default test -->
