<?xml version="1.0" encoding="UTF-8"?>
<testng-results ignored="0" total="4" passed="4" failed="0" skipped="0">
  <reporter-output>
  </reporter-output>
  <suite started-at="2024-08-18T02:18:44 PDT" name="Default suite" finished-at="2024-08-18T02:18:48 PDT" duration-ms="4654">
    <groups>
    </groups>
    <test started-at="2024-08-18T02:18:44 PDT" name="Default test" finished-at="2024-08-18T02:18:48 PDT" duration-ms="4654">
      <class name="homePage.MyTestCases">
        <test-method is-config="true" signature="mySetup()[pri:0, instance:homePage.MyTestCases@c7a975a]" started-at="2024-08-18T02:18:44 PDT" name="mySetup" finished-at="2024-08-18T02:18:48 PDT" duration-ms="4279" status="PASS">
          <reporter-output>
          </reporter-output>
        </test-method> <!-- mySetup -->
        <test-method signature="CheckTheDefaultLangugeIsEnglish()[pri:1, instance:homePage.MyTestCases@c7a975a]" started-at="2024-08-18T02:18:48 PDT" name="CheckTheDefaultLangugeIsEnglish" finished-at="2024-08-18T02:18:48 PDT" duration-ms="113" status="PASS">
          <reporter-output>
          </reporter-output>
        </test-method> <!-- CheckTheDefaultLangugeIsEnglish -->
        <test-method signature="CheckdefaultCurrency()[pri:2, instance:homePage.MyTestCases@c7a975a]" started-at="2024-08-18T02:18:48 PDT" name="CheckdefaultCurrency" finished-at="2024-08-18T02:18:48 PDT" duration-ms="44" status="PASS">
          <reporter-output>
          </reporter-output>
        </test-method> <!-- CheckdefaultCurrency -->
        <test-method signature="CheckContactNumber()[pri:3, instance:homePage.MyTestCases@c7a975a]" started-at="2024-08-18T02:18:48 PDT" name="CheckContactNumber" finished-at="2024-08-18T02:18:48 PDT" duration-ms="32" status="PASS">
          <reporter-output>
          </reporter-output>
        </test-method> <!-- CheckContactNumber -->
        <test-method signature="CheckQitagLogo()[pri:4, instance:homePage.MyTestCases@c7a975a]" started-at="2024-08-18T02:18:48 PDT" name="CheckQitagLogo" finished-at="2024-08-18T02:18:48 PDT" duration-ms="75" status="PASS">
          <reporter-output>
          </reporter-output>
        </test-method> <!-- CheckQitagLogo -->
      </class> <!-- homePage.MyTestCases -->
    </test> <!-- Default test -->
  </suite> <!-- Default suite -->
</testng-results>
