<?xml version="1.0" encoding="UTF-8"?>
<testng-results ignored="0" total="9" passed="9" failed="0" skipped="0">
  <reporter-output>
  </reporter-output>
  <suite started-at="2024-08-20T13:53:42 PDT" name="Default suite" finished-at="2024-08-20T13:53:57 PDT" duration-ms="15221">
    <groups>
    </groups>
    <test started-at="2024-08-20T13:53:42 PDT" name="Default test" finished-at="2024-08-20T13:53:57 PDT" duration-ms="15221">
      <class name="homePage.MyTestCases">
        <test-method is-config="true" signature="mySetup()[pri:0, instance:homePage.MyTestCases@52b56a3e]" started-at="2024-08-20T13:53:42 PDT" name="mySetup" finished-at="2024-08-20T13:53:47 PDT" duration-ms="5104" status="PASS">
          <reporter-output>
          </reporter-output>
        </test-method> <!-- mySetup -->
        <test-method signature="CheckTheDefaultLangugeIsEnglish()[pri:1, instance:homePage.MyTestCases@52b56a3e]" started-at="2024-08-20T13:53:47 PDT" name="CheckTheDefaultLangugeIsEnglish" finished-at="2024-08-20T13:53:47 PDT" duration-ms="53" status="PASS">
          <reporter-output>
          </reporter-output>
        </test-method> <!-- CheckTheDefaultLangugeIsEnglish -->
        <test-method signature="CheckdefaultCurrency()[pri:2, instance:homePage.MyTestCases@52b56a3e]" started-at="2024-08-20T13:53:47 PDT" name="CheckdefaultCurrency" finished-at="2024-08-20T13:53:47 PDT" duration-ms="67" status="PASS">
          <reporter-output>
          </reporter-output>
        </test-method> <!-- CheckdefaultCurrency -->
        <test-method signature="CheckContactNumber()[pri:3, instance:homePage.MyTestCases@52b56a3e]" started-at="2024-08-20T13:53:47 PDT" name="CheckContactNumber" finished-at="2024-08-20T13:53:47 PDT" duration-ms="96" status="PASS">
          <reporter-output>
          </reporter-output>
        </test-method> <!-- CheckContactNumber -->
        <test-method signature="CheckQitagLogo()[pri:4, instance:homePage.MyTestCases@52b56a3e]" started-at="2024-08-20T13:53:47 PDT" name="CheckQitagLogo" finished-at="2024-08-20T13:53:47 PDT" duration-ms="88" status="PASS">
          <reporter-output>
          </reporter-output>
        </test-method> <!-- CheckQitagLogo -->
        <test-method signature="TestHotelTabIsNotSelected()[pri:5, instance:homePage.MyTestCases@52b56a3e]" started-at="2024-08-20T13:53:47 PDT" name="TestHotelTabIsNotSelected" finished-at="2024-08-20T13:53:47 PDT" duration-ms="38" status="PASS">
          <reporter-output>
          </reporter-output>
        </test-method> <!-- TestHotelTabIsNotSelected -->
        <test-method signature="CheckDepatureDate()[pri:6, instance:homePage.MyTestCases@52b56a3e]" started-at="2024-08-20T13:53:47 PDT" name="CheckDepatureDate" finished-at="2024-08-20T13:53:47 PDT" duration-ms="239" status="PASS">
          <reporter-output>
          </reporter-output>
        </test-method> <!-- CheckDepatureDate -->
        <test-method signature="RandomlyChangeTheLanguage()[pri:7, instance:homePage.MyTestCases@52b56a3e]" started-at="2024-08-20T13:53:47 PDT" name="RandomlyChangeTheLanguage" finished-at="2024-08-20T13:53:49 PDT" duration-ms="1536" status="PASS">
          <reporter-output>
          </reporter-output>
        </test-method> <!-- RandomlyChangeTheLanguage -->
        <test-method signature="fillHotelTab()[pri:8, instance:homePage.MyTestCases@52b56a3e]" started-at="2024-08-20T13:53:49 PDT" name="fillHotelTab" finished-at="2024-08-20T13:53:50 PDT" duration-ms="1394" status="PASS">
          <reporter-output>
          </reporter-output>
        </test-method> <!-- fillHotelTab -->
        <test-method signature="RandomlySelectTheNumberOfVistor()[pri:9, instance:homePage.MyTestCases@52b56a3e]" started-at="2024-08-20T13:53:50 PDT" name="RandomlySelectTheNumberOfVistor" finished-at="2024-08-20T13:53:57 PDT" duration-ms="6494" status="PASS">
          <reporter-output>
          </reporter-output>
        </test-method> <!-- RandomlySelectTheNumberOfVistor -->
      </class> <!-- homePage.MyTestCases -->
    </test> <!-- Default test -->
  </suite> <!-- Default suite -->
</testng-results>
